c:\users\jordan\documents\visual studio 2017\projects\arithmetic_calculator\arithmetic_calculator\debug\arithmetic_calculator.pch
c:\users\jordan\documents\visual studio 2017\projects\arithmetic_calculator\arithmetic_calculator\debug\vc141.pdb
c:\users\jordan\documents\visual studio 2017\projects\arithmetic_calculator\arithmetic_calculator\debug\vc141.idb
c:\users\jordan\documents\visual studio 2017\projects\arithmetic_calculator\arithmetic_calculator\debug\stdafx.obj
c:\users\jordan\documents\visual studio 2017\projects\arithmetic_calculator\arithmetic_calculator\debug\visitor.obj
c:\users\jordan\documents\visual studio 2017\projects\arithmetic_calculator\arithmetic_calculator\debug\value_node.obj
c:\users\jordan\documents\visual studio 2017\projects\arithmetic_calculator\arithmetic_calculator\debug\unary_node.obj
c:\users\jordan\documents\visual studio 2017\projects\arithmetic_calculator\arithmetic_calculator\debug\sub_node.obj
c:\users\jordan\documents\visual studio 2017\projects\arithmetic_calculator\arithmetic_calculator\debug\node.obj
c:\users\jordan\documents\visual studio 2017\projects\arithmetic_calculator\arithmetic_calculator\debug\negate_node.obj
c:\users\jordan\documents\visual studio 2017\projects\arithmetic_calculator\arithmetic_calculator\debug\multi_node.obj
c:\users\jordan\documents\visual studio 2017\projects\arithmetic_calculator\arithmetic_calculator\debug\mod_node.obj
c:\users\jordan\documents\visual studio 2017\projects\arithmetic_calculator\arithmetic_calculator\debug\interpreter.obj
c:\users\jordan\documents\visual studio 2017\projects\arithmetic_calculator\arithmetic_calculator\debug\exp_node.obj
c:\users\jordan\documents\visual studio 2017\projects\arithmetic_calculator\arithmetic_calculator\debug\expression_tree.obj
c:\users\jordan\documents\visual studio 2017\projects\arithmetic_calculator\arithmetic_calculator\debug\evaluation_visitor.obj
c:\users\jordan\documents\visual studio 2017\projects\arithmetic_calculator\arithmetic_calculator\debug\divide_node.obj
c:\users\jordan\documents\visual studio 2017\projects\arithmetic_calculator\arithmetic_calculator\debug\binary_node.obj
c:\users\jordan\documents\visual studio 2017\projects\arithmetic_calculator\arithmetic_calculator\debug\arithmetic_calculator.obj
c:\users\jordan\documents\visual studio 2017\projects\arithmetic_calculator\arithmetic_calculator\debug\aritheval.obj
c:\users\jordan\documents\visual studio 2017\projects\arithmetic_calculator\arithmetic_calculator\debug\add_node.obj
c:\users\jordan\documents\visual studio 2017\projects\arithmetic_calculator\arithmetic_calculator\debug\sub_node_builder.obj
c:\users\jordan\documents\visual studio 2017\projects\arithmetic_calculator\arithmetic_calculator\debug\node_builder.obj
c:\users\jordan\documents\visual studio 2017\projects\arithmetic_calculator\arithmetic_calculator\debug\multi_node_builder.obj
c:\users\jordan\documents\visual studio 2017\projects\arithmetic_calculator\arithmetic_calculator\debug\divide_node_builder.obj
c:\users\jordan\documents\visual studio 2017\projects\arithmetic_calculator\arithmetic_calculator\debug\digitexp.obj
c:\users\jordan\documents\visual studio 2017\projects\arithmetic_calculator\arithmetic_calculator\debug\binary_node_builder.obj
c:\users\jordan\documents\visual studio 2017\projects\arithmetic_calculator\arithmetic_calculator\debug\add_node_builder.obj
c:\users\jordan\documents\visual studio 2017\projects\arithmetic_calculator\arithmetic_calculator\debug\value_node_builder.obj
c:\users\jordan\documents\visual studio 2017\projects\arithmetic_calculator\arithmetic_calculator\debug\paraexp.obj
c:\users\jordan\documents\visual studio 2017\projects\arithmetic_calculator\arithmetic_calculator\debug\expressionexp.obj
c:\users\jordan\documents\visual studio 2017\projects\arithmetic_calculator\arithmetic_calculator\debug\summationexp.obj
c:\users\jordan\documents\visual studio 2017\projects\arithmetic_calculator\arithmetic_calculator\debug\productexp.obj
c:\users\jordan\documents\visual studio 2017\projects\arithmetic_calculator\debug\arithmetic_calculator.exe
c:\users\jordan\documents\visual studio 2017\projects\arithmetic_calculator\debug\arithmetic_calculator.ilk
c:\users\jordan\documents\visual studio 2017\projects\arithmetic_calculator\debug\arithmetic_calculator.pdb
c:\users\jordan\documents\visual studio 2017\projects\arithmetic_calculator\arithmetic_calculator\debug\arithmet.71e3f5e7.tlog\cl.command.1.tlog
c:\users\jordan\documents\visual studio 2017\projects\arithmetic_calculator\arithmetic_calculator\debug\arithmet.71e3f5e7.tlog\cl.read.1.tlog
c:\users\jordan\documents\visual studio 2017\projects\arithmetic_calculator\arithmetic_calculator\debug\arithmet.71e3f5e7.tlog\cl.write.1.tlog
c:\users\jordan\documents\visual studio 2017\projects\arithmetic_calculator\arithmetic_calculator\debug\arithmet.71e3f5e7.tlog\link.command.1.tlog
c:\users\jordan\documents\visual studio 2017\projects\arithmetic_calculator\arithmetic_calculator\debug\arithmet.71e3f5e7.tlog\link.read.1.tlog
c:\users\jordan\documents\visual studio 2017\projects\arithmetic_calculator\arithmetic_calculator\debug\arithmet.71e3f5e7.tlog\link.write.1.tlog
